<?xml version="1.0" encoding="UTF-8"?>
<testng-results skipped="0" failed="0" ignored="0" total="2" passed="2">
  <reporter-output>
  </reporter-output>
  <suite name="Suite" duration-ms="40710" started-at="2020-10-01T16:59:31 IST" finished-at="2020-10-01T17:00:12 IST">
    <groups>
    </groups>
    <test name="Test" duration-ms="40710" started-at="2020-10-01T16:59:31 IST" finished-at="2020-10-01T17:00:12 IST">
      <class name="POMTutorial.LoginPageTest">
        <test-method status="PASS" signature="bTest()[pri:0, instance:POMTutorial.LoginPageTest@6e1ec318]" name="bTest" is-config="true" duration-ms="11098" started-at="2020-10-01T16:59:45 IST" finished-at="2020-10-01T16:59:57 IST">
          <reporter-output>
          </reporter-output>
        </test-method> <!-- bTest -->
        <test-method status="PASS" signature="UserLoggedinPageTest(java.lang.String, java.lang.String, java.lang.String)[pri:0, instance:POMTutorial.LoginPageTest@6e1ec318]" name="UserLoggedinPageTest" duration-ms="13585" started-at="2020-10-01T16:59:57 IST" data-provider="getData" finished-at="2020-10-01T17:00:11 IST">
          <params>
            <param index="0">
              <value>
                <![CDATA[gyousif.rahma.3@burgas.vip]]>
              </value>
            </param>
            <param index="1">
              <value>
                <![CDATA[Devtest123@]]>
              </value>
            </param>
            <param index="2">
              <value>
                <![CDATA[Authorised USer]]>
              </value>
            </param>
          </params>
          <reporter-output>
          </reporter-output>
        </test-method> <!-- UserLoggedinPageTest -->
        <test-method status="PASS" signature="aTest()[pri:0, instance:POMTutorial.LoginPageTest@6e1ec318]" name="aTest" is-config="true" duration-ms="879" started-at="2020-10-01T17:00:11 IST" finished-at="2020-10-01T17:00:12 IST">
          <reporter-output>
          </reporter-output>
        </test-method> <!-- aTest -->
      </class> <!-- POMTutorial.LoginPageTest -->
      <class name="POMTutorial.BasePageTest">
        <test-method status="PASS" signature="bTest()[pri:0, instance:POMTutorial.BasePageTest@10bdf5e5]" name="bTest" is-config="true" duration-ms="14170" started-at="2020-10-01T16:59:31 IST" finished-at="2020-10-01T16:59:45 IST">
          <reporter-output>
          </reporter-output>
        </test-method> <!-- bTest -->
        <test-method status="PASS" signature="BasicSitePageTest()[pri:0, instance:POMTutorial.BasePageTest@10bdf5e5]" name="BasicSitePageTest" duration-ms="505" started-at="2020-10-01T16:59:57 IST" finished-at="2020-10-01T16:59:57 IST">
          <reporter-output>
          </reporter-output>
        </test-method> <!-- BasicSitePageTest -->
        <test-method status="PASS" signature="aTest()[pri:0, instance:POMTutorial.BasePageTest@10bdf5e5]" name="aTest" is-config="true" duration-ms="377" started-at="2020-10-01T17:00:11 IST" finished-at="2020-10-01T17:00:11 IST">
          <reporter-output>
          </reporter-output>
        </test-method> <!-- aTest -->
      </class> <!-- POMTutorial.BasePageTest -->
    </test> <!-- Test -->
  </suite> <!-- Suite -->
</testng-results>
