<?xml version="1.0" encoding="UTF-8"?>
<testng-results skipped="0" failed="0" ignored="0" total="4" passed="4">
  <reporter-output>
  </reporter-output>
  <suite name="Suite" duration-ms="57806" started-at="2020-10-16T17:29:39 IST" finished-at="2020-10-16T17:30:37 IST">
    <groups>
    </groups>
    <test name="Validating Basic Page" duration-ms="14418" started-at="2020-10-16T17:29:39 IST" finished-at="2020-10-16T17:29:53 IST">
      <class name="POMTutorial.BasePageTest">
        <test-method status="PASS" signature="bTest()[pri:0, instance:POMTutorial.BasePageTest@5c7bfdc1]" name="bTest" is-config="true" duration-ms="6756" started-at="2020-10-16T17:29:39 IST" finished-at="2020-10-16T17:29:46 IST">
          <reporter-output>
          </reporter-output>
        </test-method> <!-- bTest -->
        <test-method status="PASS" signature="BasicSitePageTest()[pri:0, instance:POMTutorial.BasePageTest@5c7bfdc1]" name="BasicSitePageTest" duration-ms="4403" started-at="2020-10-16T17:29:46 IST" finished-at="2020-10-16T17:29:50 IST">
          <reporter-output>
          </reporter-output>
        </test-method> <!-- BasicSitePageTest -->
        <test-method status="PASS" signature="PageTitle()[pri:0, instance:POMTutorial.BasePageTest@5c7bfdc1]" name="PageTitle" duration-ms="3046" started-at="2020-10-16T17:29:50 IST" finished-at="2020-10-16T17:29:53 IST">
          <reporter-output>
          </reporter-output>
        </test-method> <!-- PageTitle -->
        <test-method status="PASS" signature="aTest()[pri:0, instance:POMTutorial.BasePageTest@5c7bfdc1]" name="aTest" is-config="true" duration-ms="145" started-at="2020-10-16T17:29:53 IST" finished-at="2020-10-16T17:29:53 IST">
          <reporter-output>
          </reporter-output>
        </test-method> <!-- aTest -->
      </class> <!-- POMTutorial.BasePageTest -->
    </test> <!-- Validating Basic Page -->
    <test name="Validating Login Page" duration-ms="43243" started-at="2020-10-16T17:29:54 IST" finished-at="2020-10-16T17:30:37 IST">
      <class name="POMTutorial.LoginPageTest">
        <test-method status="PASS" signature="bTest()[pri:0, instance:POMTutorial.LoginPageTest@45385f75]" name="bTest" is-config="true" duration-ms="5398" started-at="2020-10-16T17:29:54 IST" finished-at="2020-10-16T17:29:59 IST">
          <reporter-output>
          </reporter-output>
        </test-method> <!-- bTest -->
        <test-method status="PASS" signature="UserLoggedinPageTest(java.lang.String, java.lang.String, java.lang.String)[pri:0, instance:POMTutorial.LoginPageTest@45385f75]" name="UserLoggedinPageTest" duration-ms="20682" started-at="2020-10-16T17:29:59 IST" data-provider="getData" finished-at="2020-10-16T17:30:20 IST">
          <params>
            <param index="0">
              <value>
                <![CDATA[ezizo.zidane.1232@googleappmail.com]]>
              </value>
            </param>
            <param index="1">
              <value>
                <![CDATA[Devtest123@]]>
              </value>
            </param>
            <param index="2">
              <value>
                <![CDATA[Authorised User]]>
              </value>
            </param>
          </params>
          <reporter-output>
          </reporter-output>
        </test-method> <!-- UserLoggedinPageTest -->
        <test-method status="PASS" signature="UserLoggedinPageTest(java.lang.String, java.lang.String, java.lang.String)[pri:0, instance:POMTutorial.LoginPageTest@45385f75]" name="UserLoggedinPageTest" duration-ms="16925" started-at="2020-10-16T17:30:20 IST" data-provider="getData" finished-at="2020-10-16T17:30:37 IST">
          <params>
            <param index="0">
              <value>
                <![CDATA[zchah@asdbwegweq.xyz]]>
              </value>
            </param>
            <param index="1">
              <value>
                <![CDATA[Devtest123@]]>
              </value>
            </param>
            <param index="2">
              <value>
                <![CDATA[Second User]]>
              </value>
            </param>
          </params>
          <reporter-output>
          </reporter-output>
        </test-method> <!-- UserLoggedinPageTest -->
        <test-method status="PASS" signature="teardown()[pri:0, instance:POMTutorial.LoginPageTest@45385f75]" name="teardown" is-config="true" duration-ms="226" started-at="2020-10-16T17:30:37 IST" finished-at="2020-10-16T17:30:37 IST">
          <reporter-output>
          </reporter-output>
        </test-method> <!-- teardown -->
      </class> <!-- POMTutorial.LoginPageTest -->
    </test> <!-- Validating Login Page -->
  </suite> <!-- Suite -->
</testng-results>
